Determining if the pthread_create exist failed with the following output:
Change Dir: /shared/foss-18/looping/build/CMakeFiles/CMakeTmp

Run Build Command:"/usr/bin/make" "cmTC_277c6/fast"
/usr/bin/make -f CMakeFiles/cmTC_277c6.dir/build.make CMakeFiles/cmTC_277c6.dir/build
make[1]: Entering directory '/mnt/autofs/shared1/foss-18/looping/build/CMakeFiles/CMakeTmp'
Building C object CMakeFiles/cmTC_277c6.dir/CheckSymbolExists.c.o
/usr/bin/cc   -fPIC    -o CMakeFiles/cmTC_277c6.dir/CheckSymbolExists.c.o   -c /shared/foss-18/looping/build/CMakeFiles/CMakeTmp/CheckSymbolExists.c
Linking C executable cmTC_277c6
/usr/local/bin/cmake -E cmake_link_script CMakeFiles/cmTC_277c6.dir/link.txt --verbose=1
/usr/bin/cc -fPIC     -rdynamic CMakeFiles/cmTC_277c6.dir/CheckSymbolExists.c.o  -o cmTC_277c6 
CMakeFiles/cmTC_277c6.dir/CheckSymbolExists.c.o: In function `main':
CheckSymbolExists.c:(.text+0x1b): undefined reference to `pthread_create'
collect2: error: ld returned 1 exit status
CMakeFiles/cmTC_277c6.dir/build.make:86: recipe for target 'cmTC_277c6' failed
make[1]: *** [cmTC_277c6] Error 1
make[1]: Leaving directory '/mnt/autofs/shared1/foss-18/looping/build/CMakeFiles/CMakeTmp'
Makefile:121: recipe for target 'cmTC_277c6/fast' failed
make: *** [cmTC_277c6/fast] Error 2

File /shared/foss-18/looping/build/CMakeFiles/CMakeTmp/CheckSymbolExists.c:
/* */
#include <pthread.h>

int main(int argc, char** argv)
{
  (void)argv;
#ifndef pthread_create
  return ((int*)(&pthread_create))[argc];
#else
  (void)argc;
  return 0;
#endif
}

Determining if the function pthread_create exists in the pthreads failed with the following output:
Change Dir: /shared/foss-18/looping/build/CMakeFiles/CMakeTmp

Run Build Command:"/usr/bin/make" "cmTC_1bcda/fast"
/usr/bin/make -f CMakeFiles/cmTC_1bcda.dir/build.make CMakeFiles/cmTC_1bcda.dir/build
make[1]: Entering directory '/mnt/autofs/shared1/foss-18/looping/build/CMakeFiles/CMakeTmp'
Building C object CMakeFiles/cmTC_1bcda.dir/CheckFunctionExists.c.o
/usr/bin/cc   -fPIC -DCHECK_FUNCTION_EXISTS=pthread_create   -o CMakeFiles/cmTC_1bcda.dir/CheckFunctionExists.c.o   -c /usr/local/share/cmake-3.13/Modules/CheckFunctionExists.c
Linking C executable cmTC_1bcda
/usr/local/bin/cmake -E cmake_link_script CMakeFiles/cmTC_1bcda.dir/link.txt --verbose=1
/usr/bin/cc -fPIC -DCHECK_FUNCTION_EXISTS=pthread_create    -rdynamic CMakeFiles/cmTC_1bcda.dir/CheckFunctionExists.c.o  -o cmTC_1bcda -lpthreads 
/usr/bin/ld: cannot find -lpthreads
collect2: error: ld returned 1 exit status
CMakeFiles/cmTC_1bcda.dir/build.make:86: recipe for target 'cmTC_1bcda' failed
make[1]: *** [cmTC_1bcda] Error 1
make[1]: Leaving directory '/mnt/autofs/shared1/foss-18/looping/build/CMakeFiles/CMakeTmp'
Makefile:121: recipe for target 'cmTC_1bcda/fast' failed
make: *** [cmTC_1bcda/fast] Error 2


